E:\C程序\SSH2DLL\SSH2DLL\RELEASE\SSH2DLL.PCH
E:\C程序\SSH2DLL\SSH2DLL\RELEASE\STDAFX.OBJ
E:\C程序\SSH2DLL\SSH2DLL\RELEASE\VC110.PDB
E:\C程序\SSH2DLL\SSH2DLL\RELEASE\SSH2DLL.OBJ
E:\C程序\SSH2DLL\SSH2DLL\RELEASE\SSH2.OBJ
E:\C程序\SSH2DLL\SSH2DLL\RELEASE\CHANNEL.OBJ
E:\C程序\SSH2DLL\SSH2DLL\RELEASE\ASSEMBLYINFO.OBJ
E:\C程序\SSH2DLL\SSH2DLL\RELEASE\.NETFRAMEWORK,VERSION=V4.5.ASSEMBLYATTRIBUTES.OBJ
E:\C程序\SSH2DLL\RELEASE\SSH2DLL.DLL
E:\C程序\SSH2DLL\RELEASE\SSH2DLL.PDB
E:\C程序\SSH2DLL\SSH2DLL\RELEASE\APP.RES
E:\C程序\SSH2DLL\Release\SSH2DLL.lib
E:\C程序\SSH2DLL\Release\SSH2DLL.exp
E:\C程序\SSH2DLL\SSH2DLL\Release\SSH2DLL.vcxprojResolveAssemblyReference.cache
E:\C程序\SSH2DLL\SSH2DLL\Release\.NETFramework,Version=v4.5.AssemblyAttributes.obj
E:\C程序\SSH2DLL\SSH2DLL\Release\AssemblyInfo.obj
E:\C程序\SSH2DLL\SSH2DLL\Release\Channel.obj
E:\C程序\SSH2DLL\SSH2DLL\Release\Ssh2.obj
E:\C程序\SSH2DLL\SSH2DLL\Release\SSH2DLL.obj
E:\C程序\SSH2DLL\SSH2DLL\Release\Stdafx.obj
E:\C程序\SSH2DLL\SSH2DLL\Release\cl.command.1.tlog
E:\C程序\SSH2DLL\SSH2DLL\Release\CL.read.1.tlog
E:\C程序\SSH2DLL\SSH2DLL\Release\CL.write.1.tlog
E:\C程序\SSH2DLL\SSH2DLL\Release\link-cvtres.read.1.tlog
E:\C程序\SSH2DLL\SSH2DLL\Release\link-cvtres.write.1.tlog
E:\C程序\SSH2DLL\SSH2DLL\Release\link-rc.read.1.tlog
E:\C程序\SSH2DLL\SSH2DLL\Release\link-rc.write.1.tlog
E:\C程序\SSH2DLL\SSH2DLL\Release\link.command.1.tlog
E:\C程序\SSH2DLL\SSH2DLL\Release\link.read.1.tlog
E:\C程序\SSH2DLL\SSH2DLL\Release\link.write.1.tlog
E:\C程序\SSH2DLL\SSH2DLL\Release\metagen.read.1.tlog
E:\C程序\SSH2DLL\SSH2DLL\Release\metagen.write.1.tlog
E:\C程序\SSH2DLL\SSH2DLL\Release\rc.command.1.tlog
E:\C程序\SSH2DLL\SSH2DLL\Release\rc.read.1.tlog
E:\C程序\SSH2DLL\SSH2DLL\Release\rc.write.1.tlog
E:\C程序\SSH2DLL\SSH2DLL\Release\SSH2DLL.write.1.tlog
E:\C程序\SSH2DLL\SSH2DLL\Release\app.res
E:\C程序\SSH2DLL\SSH2DLL\Release\SSH2DLL.pch
E:\C程序\SSH2DLL\SSH2DLL\Release\vc110.pdb
E:\C程序\SSH2DLL\SSH2DLL\Release\TZRES.DLL.bi
E:\C程序\SSH2DLL\Release\SSH2DLL.pdb
E:\C程序\SSH2DLL\Release\SSH2DLL.dll
